[2023-09-12T14:56:46.012Z] Launched Application-->Login Test
[2023-09-12T14:56:49.345Z] Entered User Details-->Login Test
[2023-09-12T14:56:52.727Z] Validated success Login Msg-->Login Test
[2023-09-12T14:56:53.593Z] Launched Application-->SignUp Test
[2023-09-12T14:56:54.870Z] Entered User details-->SignUp Test
[2023-09-12T14:56:55.312Z] Verified User SignUp-->SignUp Test
[2023-09-12T14:56:57.246Z] Launched Application-->SignUp Test
[2023-09-12T14:56:59.471Z] Launched Application-->SignUp Test
[2023-09-12T14:57:00.865Z] Launched Application-->Login Test
[2023-09-12T14:57:04.078Z] Entered User Details-->Login Test
[2023-09-12T14:57:06.986Z] Validated success Login Msg-->Login Test
[2023-09-12T14:57:10.550Z] Launched Application-->Login Test
[2023-09-12T14:57:13.777Z] Entered User Details-->Login Test
[2023-09-12T14:57:16.674Z] Validated success Login Msg-->Login Test
[2023-09-12T14:57:27.856Z] Product Added to Cart and Placed Order
[2023-09-12T14:57:31.346Z] User detaile entered & Clicked On Purchased
[2023-09-12T14:57:31.423Z] Order Id :Id: 9851315Amount: 360 USDCard Number: 8173239123Name: JackSonDate: 12/8/2023
[2023-09-12T14:57:35.026Z] Validated Order & Logout
[2023-09-12T15:57:46.084Z] Launched Application-->Login Test
[2023-09-12T15:57:49.374Z] Entered User Details-->Login Test
[2023-09-12T15:57:54.359Z] Validated success Login Msg-->Login Test
[2023-09-12T15:57:56.639Z] Launched Application-->SignUp Test
[2023-09-12T15:57:58.064Z] Entered User details-->SignUp Test
[2023-09-12T15:57:58.222Z] Verified User SignUp-->SignUp Test
[2023-09-12T15:57:59.790Z] Launched Application-->SignUp Test
[2023-09-12T15:58:01.373Z] Verify User Exist message
[2023-09-12T15:58:02.298Z] Launched Application-->SignUp Test
[2023-09-12T15:58:02.850Z] Verify Invalid Data message
[2023-09-12T15:58:03.548Z] Launched Application-->Login Test
[2023-09-12T15:58:06.712Z] Entered User Details-->Login Test
[2023-09-12T15:58:11.690Z] Validated success Login Msg-->Login Test
[2023-09-12T15:58:15.314Z] Launched Application-->Login Test
[2023-09-12T15:58:18.494Z] Entered User Details-->Login Test
[2023-09-12T15:58:24.053Z] Validated success Login Msg-->Login Test
[2023-09-12T16:33:10.264Z] Launched Application-->Login Test
[2023-09-12T16:33:13.615Z] Entered User Details-->Login Test
[2023-09-12T16:33:16.231Z] Validated success Login Msg-->Login Test
[2023-09-12T16:33:16.737Z] Launched Application-->SignUp Test
[2023-09-12T16:33:18.332Z] Entered User details-->SignUp Test
[2023-09-12T16:33:18.457Z] Verified User SignUp-->SignUp Test
[2023-09-12T16:33:19.760Z] Launched Application-->SignUp Test
[2023-09-12T16:33:21.058Z] Verify User Exist message
[2023-09-12T16:33:22.526Z] Launched Application-->SignUp Test
[2023-09-12T16:33:23.096Z] Verify Invalid Data message
[2023-09-12T16:33:23.679Z] Launched Application-->Login Test
[2023-09-12T16:33:26.897Z] Entered User Details-->Login Test
[2023-09-12T16:33:29.744Z] Validated success Login Msg-->Login Test
[2023-09-12T16:33:33.170Z] Launched Application-->Login Test
[2023-09-12T16:33:36.331Z] Entered User Details-->Login Test
[2023-09-12T16:33:38.799Z] Validated success Login Msg-->Login Test
[2023-09-12T16:33:49.711Z] Product Added to Cart and Placed Order
[2023-09-12T16:33:53.087Z] User detaile entered & Clicked On Purchased
[2023-09-12T16:33:53.140Z] Order Id :Id: 6749302Amount: 720 USDCard Number: 8173239123Name: JackSonDate: 12/8/2023
[2023-09-12T16:33:56.440Z] Validated Order & Logout
[2023-09-12T17:04:04.259Z] Launched Application-->Login Test
[2023-09-12T17:04:07.672Z] Entered User Details-->Login Test
[2023-09-12T17:04:11.034Z] Validated success Login Msg-->Login Test
[2023-09-12T17:04:12.696Z] Launched Application-->SignUp Test
[2023-09-12T17:04:14.609Z] Entered User details-->SignUp Test
[2023-09-12T17:04:14.890Z] Verified User SignUp-->SignUp Test
[2023-09-12T17:04:16.416Z] Launched Application-->SignUp Test
[2023-09-12T17:04:18.215Z] Verify User Exist message
[2023-09-12T17:04:19.075Z] Launched Application-->SignUp Test
[2023-09-12T17:04:19.743Z] Verify Invalid Data message
[2023-09-12T17:04:20.548Z] Launched Application-->Login Test
[2023-09-12T17:04:24.062Z] Entered User Details-->Login Test
[2023-09-12T17:04:28.185Z] Validated success Login Msg-->Login Test
[2023-09-12T17:04:30.772Z] Launched Application-->Login Test
[2023-09-12T17:04:34.463Z] Entered User Details-->Login Test
[2023-09-12T17:04:39.112Z] Validated success Login Msg-->Login Test
[2023-09-12T17:04:51.100Z] Product Added to Cart and Placed Order
[2023-09-12T17:04:55.271Z] User detaile entered & Clicked On Purchased
[2023-09-12T17:04:55.323Z] Order Id :Id: 2738539Amount: 360 USDCard Number: 8173239123Name: JackSonDate: 12/8/2023
[2023-09-12T17:04:58.671Z] Validated Order & Logout
[2023-09-14T14:45:08.202Z] Launched Application-->Login Test
[2023-09-14T14:45:11.777Z] Entered User Details-->Login Test
[2023-09-14T14:45:14.741Z] Validated success Login Msg-->Login Test
[2023-09-14T14:45:25.795Z] Product Added to Cart and Placed Order
[2023-09-14T14:45:28.781Z] User detaile entered & Clicked On Purchased
[2023-09-14T14:45:28.827Z] Order Id :Id: 5143713Amount: 360 USDCard Number: 8173239123Name: JackSonDate: 14/8/2023
[2023-09-14T14:45:31.353Z] Validated Order & Logout
[2023-09-14T14:45:59.796Z] Launched Application-->Login Test
[2023-09-14T14:46:04.910Z] Entered User Details-->Login Test
[2023-09-14T14:46:07.772Z] Validated success Login Msg-->Login Test
[2023-09-14T14:46:30.746Z] Launched Application-->Login Test
[2023-09-14T14:46:34.669Z] Entered User Details-->Login Test
[2023-09-14T14:46:39.568Z] Validated success Login Msg-->Login Test
[2023-09-14T14:47:06.135Z] Launched Application-->SignUp Test
[2023-09-14T14:47:07.567Z] Entered User details-->SignUp Test
[2023-09-14T14:47:08.566Z] Verified User SignUp-->SignUp Test
[2023-09-14T14:47:09.941Z] Launched Application-->SignUp Test
[2023-09-14T14:47:11.970Z] Verify User Exist message
[2023-09-14T14:47:13.669Z] Launched Application-->SignUp Test
[2023-09-14T14:47:14.855Z] Verify Invalid Data message
[2023-09-14T14:50:35.287Z] Launched Application-->Login Test
[2023-09-14T14:50:39.519Z] Entered User Details-->Login Test
[2023-09-14T14:50:42.452Z] Validated success Login Msg-->Login Test
[2023-09-14T14:50:44.686Z] Launched Application-->SignUp Test
[2023-09-14T14:50:46.129Z] Entered User details-->SignUp Test
[2023-09-14T14:50:46.337Z] Verified User SignUp-->SignUp Test
[2023-09-14T14:50:48.335Z] Launched Application-->SignUp Test
[2023-09-14T14:50:49.825Z] Verify User Exist message
[2023-09-14T14:50:50.753Z] Launched Application-->SignUp Test
[2023-09-14T14:50:52.559Z] Verify Invalid Data message
[2023-09-14T14:50:53.596Z] Launched Application-->Login Test
[2023-09-14T14:50:57.562Z] Entered User Details-->Login Test
[2023-09-14T14:51:02.507Z] Validated success Login Msg-->Login Test
[2023-09-14T14:51:04.933Z] Launched Application-->Login Test
[2023-09-14T14:51:09.664Z] Entered User Details-->Login Test
[2023-09-14T14:51:13.764Z] Validated success Login Msg-->Login Test
[2023-09-14T14:51:24.004Z] Product Added to Cart and Placed Order
[2023-09-14T14:51:28.152Z] User detaile entered & Clicked On Purchased
[2023-09-14T14:51:28.181Z] Order Id :Id: 7914520Amount: 360 USDCard Number: 8173239123Name: JackSonDate: 14/8/2023
[2023-09-14T14:51:31.360Z] Validated Order & Logout
[2023-09-14T14:59:08.440Z] Launched Application-->Login Test
[2023-09-14T14:59:13.969Z] Entered User Details-->Login Test
[2023-09-14T14:59:16.871Z] Validated success Login Msg-->Login Test
[2023-09-14T14:59:27.403Z] Product Added to Cart and Placed Order
[2023-09-14T14:59:30.591Z] User detaile entered & Clicked On Purchased
[2023-09-14T14:59:30.636Z] Order Id :Id: 5380694Amount: 360 USDCard Number: 8173239123Name: JackSonDate: 14/8/2023
[2023-09-14T14:59:33.763Z] Validated Order & Logout
[2023-09-14T15:00:00.777Z] Launched Application-->Login Test
[2023-09-14T15:00:05.284Z] Entered User Details-->Login Test
[2023-09-14T15:00:08.678Z] Validated success Login Msg-->Login Test
[2023-09-14T15:00:34.517Z] Launched Application-->Login Test
[2023-09-14T15:00:37.843Z] Entered User Details-->Login Test
[2023-09-14T15:00:41.990Z] Validated success Login Msg-->Login Test
[2023-09-14T15:01:05.956Z] Launched Application-->SignUp Test
[2023-09-14T15:01:07.936Z] Entered User details-->SignUp Test
[2023-09-14T15:01:08.464Z] Verified User SignUp-->SignUp Test
[2023-09-14T15:01:09.486Z] Launched Application-->SignUp Test
[2023-09-14T15:01:11.525Z] Verify User Exist message
[2023-09-14T15:01:12.547Z] Launched Application-->SignUp Test
[2023-09-14T15:01:13.228Z] Verify Invalid Data message
[2023-09-14T15:03:43.781Z] Launched Application-->Login Test
[2023-09-14T15:03:47.175Z] Entered User Details-->Login Test
[2023-09-14T15:03:50.227Z] Validated success Login Msg-->Login Test
[2023-09-14T15:03:52.278Z] Launched Application-->SignUp Test
[2023-09-14T15:03:53.775Z] Entered User details-->SignUp Test
[2023-09-14T15:03:53.951Z] Verified User SignUp-->SignUp Test
[2023-09-14T15:03:55.849Z] Launched Application-->SignUp Test
[2023-09-14T15:03:57.714Z] Verify User Exist message
[2023-09-14T15:03:58.578Z] Launched Application-->SignUp Test
[2023-09-14T15:03:59.231Z] Verify Invalid Data message
[2023-09-14T15:04:00.100Z] Launched Application-->Login Test
[2023-09-14T15:04:03.533Z] Entered User Details-->Login Test
[2023-09-14T15:04:07.469Z] Validated success Login Msg-->Login Test
[2023-09-14T15:04:11.046Z] Launched Application-->Login Test
[2023-09-14T15:04:15.465Z] Entered User Details-->Login Test
[2023-09-14T15:04:18.804Z] Validated success Login Msg-->Login Test
[2023-09-14T15:04:30.292Z] Product Added to Cart and Placed Order
[2023-09-14T15:04:33.512Z] User detaile entered & Clicked On Purchased
[2023-09-14T15:04:33.547Z] Order Id :Id: 110135Amount: 360 USDCard Number: 8173239123Name: JackSonDate: 14/8/2023
[2023-09-14T15:04:35.856Z] Validated Order & Logout
[2024-02-13T11:50:57.004Z] Launched Application-->Login Test
[2024-02-13T11:51:00.080Z] Entered User Details-->Login Test
[2024-02-13T11:51:03.307Z] Validated success Login Msg-->Login Test
[2024-02-13T12:01:38.332Z] Launched Application-->Login Test
[2024-02-13T12:01:41.408Z] Entered User Details-->Login Test
[2024-02-13T12:01:44.390Z] Validated success Login Msg-->Login Test
[2024-02-13T12:01:46.843Z] Launched Application-->SignUp Test
[2024-02-13T12:01:47.941Z] Entered User details-->SignUp Test
[2024-02-13T12:01:48.062Z] Verified User SignUp-->SignUp Test
[2024-02-13T12:01:49.085Z] Launched Application-->SignUp Test
[2024-02-13T12:01:50.132Z] Verify User Exist message
[2024-02-13T12:01:50.623Z] Launched Application-->SignUp Test
[2024-02-13T12:01:51.182Z] Verify Invalid Data message
[2024-02-13T12:01:51.868Z] Launched Application-->Login Test
[2024-02-13T12:01:54.896Z] Entered User Details-->Login Test
[2024-02-13T12:01:58.771Z] Validated success Login Msg-->Login Test
[2024-02-13T12:02:03.555Z] Launched Application-->Login Test
[2024-02-13T12:02:06.638Z] Entered User Details-->Login Test
[2024-02-13T12:02:11.604Z] Validated success Login Msg-->Login Test
[2024-02-13T12:02:22.431Z] Product Added to Cart and Placed Order
[2024-02-13T12:02:25.590Z] User detaile entered & Clicked On Purchased
[2024-02-13T12:02:25.696Z] Order Id :Id: 8257531Amount: 360 USDCard Number: 8173239123Name: JackSonDate: 13/1/2024
[2024-02-13T12:02:29.445Z] Validated Order & Logout
[2024-02-13T12:06:47.842Z] Launched Application-->Login Test
[2024-02-13T12:06:50.891Z] Entered User Details-->Login Test
[2024-02-13T12:06:54.340Z] Validated success Login Msg-->Login Test
[2024-02-13T12:06:54.940Z] Launched Application-->SignUp Test
[2024-02-13T12:06:56.089Z] Entered User details-->SignUp Test
[2024-02-13T12:06:56.222Z] Verified User SignUp-->SignUp Test
[2024-02-13T12:06:57.549Z] Launched Application-->SignUp Test
[2024-02-13T12:06:58.719Z] Verify User Exist message
[2024-02-13T12:06:59.614Z] Launched Application-->SignUp Test
[2024-02-13T12:07:00.113Z] Verify Invalid Data message
[2024-02-13T12:07:00.585Z] Launched Application-->Login Test
[2024-02-13T12:07:03.565Z] Entered User Details-->Login Test
[2024-02-13T12:07:07.191Z] Validated success Login Msg-->Login Test
[2024-02-13T12:07:09.742Z] Launched Application-->Login Test
[2024-02-13T12:07:12.763Z] Entered User Details-->Login Test
[2024-02-13T12:07:16.294Z] Validated success Login Msg-->Login Test
[2024-02-13T13:08:26.457Z] Launched Application-->Login Test
[2024-02-13T13:08:29.658Z] Entered User Details-->Login Test
[2024-02-13T13:08:32.137Z] Validated success Login Msg-->Login Test
[2024-02-13T13:08:33.277Z] Launched Application-->SignUp Test
[2024-02-13T13:08:34.271Z] Entered User details-->SignUp Test
[2024-02-13T13:08:34.422Z] Verified User SignUp-->SignUp Test
[2024-02-13T13:08:36.547Z] Launched Application-->SignUp Test
[2024-02-13T13:08:37.879Z] Verify User Exist message
[2024-02-13T13:08:38.775Z] Launched Application-->SignUp Test
[2024-02-13T13:08:39.280Z] Verify Invalid Data message
[2024-02-13T13:08:39.739Z] Launched Application-->Login Test
[2024-02-13T13:08:42.803Z] Entered User Details-->Login Test
[2024-02-13T13:08:45.138Z] Validated success Login Msg-->Login Test
[2024-02-13T13:08:47.992Z] Launched Application-->Login Test
[2024-02-13T13:08:50.989Z] Entered User Details-->Login Test
[2024-02-13T13:08:53.395Z] Validated success Login Msg-->Login Test
[2024-02-13T13:09:02.997Z] Product Added to Cart and Placed Order
[2024-02-13T13:09:06.034Z] User detaile entered & Clicked On Purchased
[2024-02-13T13:09:06.075Z] Order Id :Id: 3071011Amount: 360 USDCard Number: 8173239123Name: JackSonDate: 13/1/2024
[2024-02-13T13:09:09.019Z] Validated Order & Logout
[2024-02-13T13:47:47.890Z] Launched Application-->Login Test
[2024-02-13T13:47:50.927Z] Entered User Details-->Login Test
[2024-02-13T13:47:53.790Z] Validated success Login Msg-->Login Test
[2024-02-13T13:47:54.364Z] Launched Application-->SignUp Test
[2024-02-13T13:47:55.549Z] Entered User details-->SignUp Test
[2024-02-13T13:47:55.673Z] Verified User SignUp-->SignUp Test
[2024-02-13T13:47:56.578Z] Launched Application-->SignUp Test
[2024-02-13T13:47:57.798Z] Verify User Exist message
[2024-02-13T13:47:59.266Z] Launched Application-->SignUp Test
[2024-02-13T13:47:59.817Z] Verify Invalid Data message
[2024-02-13T13:48:00.403Z] Launched Application-->Login Test
[2024-02-13T13:48:03.405Z] Entered User Details-->Login Test
[2024-02-13T13:48:05.885Z] Validated success Login Msg-->Login Test
[2024-02-13T13:48:07.939Z] Launched Application-->Login Test
[2024-02-13T13:48:10.942Z] Entered User Details-->Login Test
[2024-02-13T13:48:14.877Z] Validated success Login Msg-->Login Test
[2024-02-13T13:48:24.534Z] Product Added to Cart and Placed Order
[2024-02-13T13:48:27.427Z] User detaile entered & Clicked On Purchased
[2024-02-13T13:48:27.488Z] Order Id :Id: 1011752Amount: 360 USDCard Number: 8173239123Name: JackSonDate: 13/1/2024
[2024-02-13T13:48:30.483Z] Validated Order & Logout
[2024-02-14T05:29:46.918Z] Launched Application-->Login Test
[2024-02-14T05:29:50.786Z] Entered User Details-->Login Test
[2024-02-14T05:29:54.109Z] Validated success Login Msg-->Login Test
[2024-02-14T05:29:55.071Z] Launched Application-->SignUp Test
[2024-02-14T05:29:56.924Z] Entered User details-->SignUp Test
[2024-02-14T05:29:57.144Z] Verified User SignUp-->SignUp Test
[2024-02-14T05:29:59.051Z] Launched Application-->SignUp Test
[2024-02-14T05:30:01.122Z] Verify User Exist message
[2024-02-14T05:30:02.254Z] Launched Application-->SignUp Test
[2024-02-14T05:30:03.120Z] Verify Invalid Data message
[2024-02-14T05:30:04.050Z] Launched Application-->Login Test
[2024-02-14T05:30:07.806Z] Entered User Details-->Login Test
[2024-02-14T05:30:11.614Z] Validated success Login Msg-->Login Test
[2024-02-14T05:30:14.029Z] Launched Application-->Login Test
[2024-02-14T05:30:17.803Z] Entered User Details-->Login Test
[2024-02-14T05:30:21.436Z] Validated success Login Msg-->Login Test
[2024-02-14T05:30:32.748Z] Product Added to Cart and Placed Order
[2024-02-14T05:30:37.595Z] User detaile entered & Clicked On Purchased
[2024-02-14T05:30:37.710Z] Order Id :Id: 7055643Amount: 360 USDCard Number: 8173239123Name: JackSonDate: 14/1/2024
[2024-02-14T05:30:41.388Z] Validated Order & Logout
[2024-02-14T10:02:03.251Z] Launched Application-->Login Test
[2024-02-14T10:02:06.267Z] Entered User Details-->Login Test
[2024-02-14T10:02:08.683Z] Validated success Login Msg-->Login Test
[2024-02-14T10:02:09.277Z] Launched Application-->SignUp Test
[2024-02-14T10:02:10.481Z] Entered User details-->SignUp Test
[2024-02-14T10:02:10.605Z] Verified User SignUp-->SignUp Test
[2024-02-14T10:02:11.129Z] Launched Application-->SignUp Test
[2024-02-14T10:02:12.219Z] Verify User Exist message
[2024-02-14T10:02:13.860Z] Launched Application-->SignUp Test
[2024-02-14T10:02:14.394Z] Verify Invalid Data message
[2024-02-14T10:02:14.938Z] Launched Application-->Login Test
[2024-02-14T10:02:17.918Z] Entered User Details-->Login Test
[2024-02-14T10:02:20.280Z] Validated success Login Msg-->Login Test
[2024-02-14T10:02:21.790Z] Launched Application-->Login Test
[2024-02-14T10:02:25.093Z] Entered User Details-->Login Test
[2024-02-14T10:02:28.165Z] Validated success Login Msg-->Login Test
[2024-02-14T10:02:38.157Z] Product Added to Cart and Placed Order
[2024-02-14T10:02:41.016Z] User detaile entered & Clicked On Purchased
[2024-02-14T10:02:41.059Z] Order Id :Id: 1094918Amount: 360 USDCard Number: 8173239123Name: JackSonDate: 14/1/2024
[2024-02-14T10:02:43.855Z] Validated Order & Logout
